<?xml version="1.0" encoding="UTF-8"?>
<testsuite name="Forgot Password Test" tests="1" skipped="0" failures="0" errors="0" timestamp="2019-08-30T13:02:35" hostname="zensoft" time="2.97">
  <properties/>
  <testcase name="Forgot Password Test" classname="Forgot Password Test" time="2.97"/>
  <system-out><![CDATA[]]></system-out>
  <system-err><![CDATA[Aug 30, 2019 4:02:35 PM com.codeborne.selenide.drivercommands.LazyDriver getAndCheckWebDriver
INFO: Webdriver has been closed meanwhile. Let's re-create it.
Aug 30, 2019 4:02:35 PM com.codeborne.selenide.drivercommands.CloseDriverCommand run
INFO: Close webdriver: 12 -> ChromeDriver: chrome on LINUX (b8851fac2a6859df4f6c7c4b51819318)
Aug 30, 2019 4:02:35 PM com.codeborne.selenide.drivercommands.CloseBrowser run
INFO: Trying to close the browser ChromeDriver ...
Aug 30, 2019 4:02:35 PM com.codeborne.selenide.drivercommands.CloseDriverCommand run
INFO: Closed webdriver 12 in 74 ms
Starting ChromeDriver 76.0.3809.12 (220b19a666554bdcac56dff9ffd44c300842c933-refs/branch-heads/3809@{#83}) on port 19285
Only local connections are allowed.
Please protect ports used by ChromeDriver and related test frameworks to prevent access by malicious code.
Aug 30, 2019 4:02:36 PM org.openqa.selenium.remote.ProtocolHandshake createSession
INFO: Detected dialect: W3C
Aug 30, 2019 4:02:36 PM com.codeborne.selenide.webdriver.BrowserResizer adjustBrowserSize
INFO: Set browser size to 1920x1080
Aug 30, 2019 4:02:36 PM com.codeborne.selenide.webdriver.WebDriverFactory logBrowserVersion
INFO: BrowserName=chrome Version=76.0.3809.132 Platform=LINUX
Aug 30, 2019 4:02:36 PM com.codeborne.selenide.webdriver.WebDriverFactory createWebDriver
INFO: Selenide v. 5.2.7
Aug 30, 2019 4:02:36 PM com.codeborne.selenide.webdriver.WebDriverFactory logSeleniumInfo
INFO: Selenium WebDriver v. 3.141.59 build time: 2018-11-14T08:17:03
Aug 30, 2019 4:02:36 PM com.codeborne.selenide.drivercommands.CreateDriverCommand createDriver
INFO: Create webdriver in current thread 12: ChromeDriver -> ChromeDriver: chrome on LINUX (6bdcc1a539d843ad339497dd067e2756)
]]></system-err>
</testsuite>
