<?xml version="1.0" encoding="UTF-8"?>
<testsuite name="runner.Runner" tests="0" skipped="0" failures="0" errors="0" timestamp="1970-01-01T00:00:00" hostname="zensoft" time="0.0">
  <properties/>
  <system-out><![CDATA[]]></system-out>
  <system-err><![CDATA[SLF4J: Failed to load class "org.slf4j.impl.StaticLoggerBinder".
SLF4J: Defaulting to no-operation (NOP) logger implementation
SLF4J: See http://www.slf4j.org/codes.html#StaticLoggerBinder for further details.
Aug 30, 2019 4:01:51 PM cucumber.runtime.filter.TagExpressionOld isOldTagExpression
WARNING: Found tags option '@admin_page, @project_health,@project_page,@workspace,@forgot_password,@project_integration_quick,@project_integration,@page_not_found,@pricing,@cli_documentation,@settings'. Support for '@tag1,@tag2' will be removed from the next release of Cucumber-JVM. Please use '@tag or @tag2' instead
]]></system-err>
</testsuite>
