<?xml version="1.0" encoding="UTF-8"?>
<testsuite name="Page Not Found 404 Test" tests="2" skipped="0" failures="0" errors="0" timestamp="2019-08-30T13:02:38" hostname="zensoft" time="6.252">
  <properties/>
  <testcase name="Page Not Found 404 Test" classname="Page Not Found 404 Test" time="5.469"/>
  <testcase name="Back to Home (Workspace) Page" classname="Page Not Found 404 Test" time="0.781"/>
  <system-out><![CDATA[]]></system-out>
  <system-err><![CDATA[]]></system-err>
</testsuite>
